2020-09-01 12:04:47,116 ERROR: Exception on /save [POST] [in E:\Program Files (x86)\Microsoft Visual Studio\Shared\Python36_64\lib\site-packages\flask\app.py:1891]
Traceback (most recent call last):
  File "E:\Program Files (x86)\Microsoft Visual Studio\Shared\Python36_64\lib\site-packages\flask\app.py", line 2446, in wsgi_app
    response = self.full_dispatch_request()
  File "E:\Program Files (x86)\Microsoft Visual Studio\Shared\Python36_64\lib\site-packages\flask\app.py", line 1951, in full_dispatch_request
    rv = self.handle_user_exception(e)
  File "E:\Program Files (x86)\Microsoft Visual Studio\Shared\Python36_64\lib\site-packages\flask\app.py", line 1820, in handle_user_exception
    reraise(exc_type, exc_value, tb)
  File "E:\Program Files (x86)\Microsoft Visual Studio\Shared\Python36_64\lib\site-packages\flask\_compat.py", line 39, in reraise
    raise value
  File "E:\Program Files (x86)\Microsoft Visual Studio\Shared\Python36_64\lib\site-packages\flask\app.py", line 1949, in full_dispatch_request
    rv = self.dispatch_request()
  File "E:\Program Files (x86)\Microsoft Visual Studio\Shared\Python36_64\lib\site-packages\flask\app.py", line 1935, in dispatch_request
    return self.view_functions[rule.endpoint](**req.view_args)
  File "C:\Users\Fabian\Desktop\Hopland Digital\Prosjekter\bordplassering\app\routes.py", line 192, in saveData
    dic = eval(inData)
  File "<string>", line 1, in <module>
NameError: name 'null' is not defined
2020-09-01 12:07:13,102 INFO: Microblog startup [in C:\Users\Fabian\Desktop\Hopland Digital\Prosjekter\bordplassering\app\__init__.py:73]
2020-09-01 19:37:04,165 INFO: Microblog startup [in C:\Users\Fabian\Desktop\Hopland Digital\Prosjekter\bordplassering\app\__init__.py:73]
2020-09-01 19:37:34,359 INFO: Microblog startup [in C:\Users\Fabian\Desktop\Hopland Digital\Prosjekter\bordplassering\app\__init__.py:73]
2020-09-01 19:38:59,361 INFO: Microblog startup [in C:\Users\Fabian\Desktop\Hopland Digital\Prosjekter\bordplassering\app\__init__.py:73]
2020-09-01 19:41:16,671 INFO: Microblog startup [in C:\Users\Fabian\Desktop\Hopland Digital\Prosjekter\bordplassering\app\__init__.py:73]
2020-09-01 19:42:02,259 INFO: Microblog startup [in C:\Users\Fabian\Desktop\Hopland Digital\Prosjekter\bordplassering\app\__init__.py:73]
2020-09-01 19:45:33,438 INFO: Microblog startup [in C:\Users\Fabian\Desktop\Hopland Digital\Prosjekter\bordplassering\app\__init__.py:73]
2020-09-01 19:45:45,721 INFO: Microblog startup [in C:\Users\Fabian\Desktop\Hopland Digital\Prosjekter\bordplassering\app\__init__.py:73]
2020-09-01 19:46:20,145 INFO: Microblog startup [in C:\Users\Fabian\Desktop\Hopland Digital\Prosjekter\bordplassering\app\__init__.py:73]
2020-09-01 19:48:53,246 INFO: Microblog startup [in C:\Users\Fabian\Desktop\Hopland Digital\Prosjekter\bordplassering\app\__init__.py:73]
2020-09-01 19:49:41,650 INFO: Microblog startup [in C:\Users\Fabian\Desktop\Hopland Digital\Prosjekter\bordplassering\app\__init__.py:73]
2020-09-01 19:50:47,043 INFO: Microblog startup [in C:\Users\Fabian\Desktop\Hopland Digital\Prosjekter\bordplassering\app\__init__.py:73]
2020-09-01 19:52:33,651 INFO: Microblog startup [in C:\Users\Fabian\Desktop\Hopland Digital\Prosjekter\bordplassering\app\__init__.py:73]
2020-09-01 19:57:21,522 INFO: Microblog startup [in C:\Users\Fabian\Desktop\Hopland Digital\Prosjekter\bordplassering\app\__init__.py:73]
2020-09-01 23:24:08,698 ERROR: Exception on /champselect [GET] [in E:\Program Files (x86)\Microsoft Visual Studio\Shared\Python36_64\lib\site-packages\flask\app.py:1891]
Traceback (most recent call last):
  File "E:\Program Files (x86)\Microsoft Visual Studio\Shared\Python36_64\lib\site-packages\flask\app.py", line 2446, in wsgi_app
    response = self.full_dispatch_request()
  File "E:\Program Files (x86)\Microsoft Visual Studio\Shared\Python36_64\lib\site-packages\flask\app.py", line 1951, in full_dispatch_request
    rv = self.handle_user_exception(e)
  File "E:\Program Files (x86)\Microsoft Visual Studio\Shared\Python36_64\lib\site-packages\flask\app.py", line 1820, in handle_user_exception
    reraise(exc_type, exc_value, tb)
  File "E:\Program Files (x86)\Microsoft Visual Studio\Shared\Python36_64\lib\site-packages\flask\_compat.py", line 39, in reraise
    raise value
  File "E:\Program Files (x86)\Microsoft Visual Studio\Shared\Python36_64\lib\site-packages\flask\app.py", line 1949, in full_dispatch_request
    rv = self.dispatch_request()
  File "E:\Program Files (x86)\Microsoft Visual Studio\Shared\Python36_64\lib\site-packages\flask\app.py", line 1935, in dispatch_request
    return self.view_functions[rule.endpoint](**req.view_args)
  File "C:\Users\Fabian\Desktop\Hopland Digital\Prosjekter\bordplassering\app\routes.py", line 221, in found
    return render_template("index_flaskpage.html", obj=overView[identifier],user= current_user,allergiesList=allergyOverview)
KeyError: 'champselect'
2020-09-02 01:17:04,318 INFO: Microblog startup [in C:\Users\Fabian\Desktop\Hopland Digital\Prosjekter\bordplassering\app\__init__.py:73]
2020-09-02 01:18:04,270 INFO: Microblog startup [in C:\Users\Fabian\Desktop\Hopland Digital\Prosjekter\bordplassering\app\__init__.py:73]
2020-09-02 01:19:49,861 INFO: Microblog startup [in C:\Users\Fabian\Desktop\Hopland Digital\Prosjekter\bordplassering\app\__init__.py:73]
2020-09-02 01:23:46,906 INFO: Microblog startup [in C:\Users\Fabian\Desktop\Hopland Digital\Prosjekter\bordplassering\app\__init__.py:73]
2020-09-02 01:25:26,264 INFO: Microblog startup [in C:\Users\Fabian\Desktop\Hopland Digital\Prosjekter\bordplassering\app\__init__.py:73]
2020-09-02 01:31:01,693 INFO: Microblog startup [in C:\Users\Fabian\Desktop\Hopland Digital\Prosjekter\bordplassering\app\__init__.py:73]
2020-09-02 01:33:05,574 INFO: Microblog startup [in C:\Users\Fabian\Desktop\Hopland Digital\Prosjekter\bordplassering\app\__init__.py:73]
2020-09-02 01:35:11,574 INFO: Microblog startup [in C:\Users\Fabian\Desktop\Hopland Digital\Prosjekter\bordplassering\app\__init__.py:73]
2020-09-02 01:38:41,752 INFO: Microblog startup [in C:\Users\Fabian\Desktop\Hopland Digital\Prosjekter\bordplassering\app\__init__.py:73]
2020-09-02 01:39:11,932 INFO: Microblog startup [in C:\Users\Fabian\Desktop\Hopland Digital\Prosjekter\bordplassering\app\__init__.py:73]
2020-09-02 01:39:29,427 INFO: Microblog startup [in C:\Users\Fabian\Desktop\Hopland Digital\Prosjekter\bordplassering\app\__init__.py:73]
2020-09-02 01:42:17,394 INFO: Microblog startup [in C:\Users\Fabian\Desktop\Hopland Digital\Prosjekter\bordplassering\app\__init__.py:73]
2020-09-02 01:47:42,878 INFO: Microblog startup [in C:\Users\Fabian\Desktop\Hopland Digital\Prosjekter\bordplassering\app\__init__.py:73]
2020-09-02 01:56:25,505 INFO: Microblog startup [in C:\Users\Fabian\Desktop\Hopland Digital\Prosjekter\bordplassering\app\__init__.py:73]
2020-09-02 01:59:56,944 INFO: Microblog startup [in C:\Users\Fabian\Desktop\Hopland Digital\Prosjekter\bordplassering\app\__init__.py:73]
2020-09-02 02:00:55,731 INFO: Microblog startup [in C:\Users\Fabian\Desktop\Hopland Digital\Prosjekter\bordplassering\app\__init__.py:73]
2020-09-02 02:06:09,629 INFO: Microblog startup [in C:\Users\Fabian\Desktop\Hopland Digital\Prosjekter\bordplassering\app\__init__.py:73]
2020-09-02 02:07:28,603 INFO: Microblog startup [in C:\Users\Fabian\Desktop\Hopland Digital\Prosjekter\bordplassering\app\__init__.py:73]
2020-09-02 02:07:51,868 INFO: Microblog startup [in C:\Users\Fabian\Desktop\Hopland Digital\Prosjekter\bordplassering\app\__init__.py:73]
